Arguments: 
  /Users/yury/n/bin/node /Users/yury/n/bin/yarn init .

PATH: 
  /Users/yury/.local/bin:/Users/yury/.cargo/bin:/Users/yury/Projects/depot_tools:/usr/local/bin:/usr/bin:/bin:/usr/sbin:/sbin:/Library/Apple/usr/bin:/Users/yury/.cargo/bin:/Users/yury/n/bin:/Users/yury/golang/bin:/usr/local/opt/go/libexec/bin

Yarn version: 
  1.22.10


  Hello!

Node version: 
  15.6.0

Platform: 
  darwin x64

Trace: 
  Error: canceled
      at Interface.<anonymous> (/Users/yury/n/lib/node_modules/yarn/lib/cli.js:136216:13)
      at Interface.emit (node:events:379:20)
      at Interface._ttyWrite (node:readline:910:16)
      at ReadStream.onkeypress (node:readline:235:10)
      at ReadStream.emit (node:events:379:20)
      at emitKeys (node:internal/readline/utils:358:14)
      at emitKeys.next (<anonymous>)
      at ReadStream.onData (node:readline:1179:36)
      at ReadStream.emit (node:events:379:20)
      at addChunk (node:internal/streams/readable:313:12)

npm manifest: 
  No manifest

yarn manifest: 
  No manifest

Lockfile: 
  No lockfile
